build/app/intermediates/manifest_merge_blame_file/release/manifest-merger-blame-release-report.txt
1<?xml version="1.0" encoding="utf-8"?>
2<manifest xmlns:android="http://schemas.android.com/apk/res/android"
3    package="com.kitopi.kitopi.kitopi"
4    android:versionCode="18"
5    android:versionName="1.0.0" >
6
7    <uses-sdk
8        android:minSdkVersion="20"
8-->src/main/AndroidManifest.xml
9        android:targetSdkVersion="31" />
9-->src/main/AndroidManifest.xml
10
11    <uses-permission android:name="android.permission.INTERNET" />
11-->src/main/AndroidManifest.xml:3:3-65
11-->src/main/AndroidManifest.xml:3:20-62
12    <uses-permission android:name="android.permission.ACCESS_NETWORK_STATE" />
12-->src/main/AndroidManifest.xml:4:3-77
12-->src/main/AndroidManifest.xml:4:20-74
13    <uses-permission android:name="android.permission.ACCESS_COARSE_LOCATION" />
13-->src/main/AndroidManifest.xml:5:3-79
13-->src/main/AndroidManifest.xml:5:20-76
14    <uses-permission android:name="android.permission.ACCESS_FINE_LOCATION" />
14-->src/main/AndroidManifest.xml:6:3-77
14-->src/main/AndroidManifest.xml:6:20-74
15    <uses-permission android:name="android.permission.READ_EXTERNAL_STORAGE" />
15-->[:image_picker] AndroidManifest.xml:7:5-80
15-->[:image_picker] AndroidManifest.xml:7:22-77
16    <uses-permission android:name="android.permission.WRITE_EXTERNAL_STORAGE" />
16-->[:image_picker] AndroidManifest.xml:8:5-81
16-->[:image_picker] AndroidManifest.xml:8:22-78
17
18    <uses-feature
18-->[com.google.android.gms:play-services-maps:17.0.0] AndroidManifest.xml:26:5-28:35
19        android:glEsVersion="0x00020000"
19-->[com.google.android.gms:play-services-maps:17.0.0] AndroidManifest.xml:27:9-41
20        android:required="true" />
20-->[com.google.android.gms:play-services-maps:17.0.0] AndroidManifest.xml:28:9-32
21
22    <application
22-->src/main/AndroidManifest.xml:7:4-46:19
23        android:appComponentFactory="androidx.core.app.CoreComponentFactory"
23-->[androidx.core:core:1.1.0] AndroidManifest.xml:24:18-86
24        android:icon="@mipmap/launcher_icon"
24-->src/main/AndroidManifest.xml:9:9-45
25        android:label="myfence" >
25-->src/main/AndroidManifest.xml:8:9-32
26        <meta-data
26-->src/main/AndroidManifest.xml:10:3-118
27            android:name="com.google.android.geo.API_KEY"
27-->src/main/AndroidManifest.xml:10:14-59
28            android:value="AIzaSyBcAfQ3_TLBvJ-4yPXl73boic8kwQxfne4" />
28-->src/main/AndroidManifest.xml:10:60-115
29
30        <activity
30-->src/main/AndroidManifest.xml:12:9-40:20
31            android:name="com.kitopi.kitopi.kitopi.MainActivity"
31-->src/main/AndroidManifest.xml:13:13-41
32            android:configChanges="orientation|keyboardHidden|keyboard|screenSize|smallestScreenSize|locale|layoutDirection|fontScale|screenLayout|density|uiMode"
32-->src/main/AndroidManifest.xml:16:13-163
33            android:hardwareAccelerated="true"
33-->src/main/AndroidManifest.xml:17:13-47
34            android:launchMode="singleTop"
34-->src/main/AndroidManifest.xml:14:13-43
35            android:theme="@style/LaunchTheme"
35-->src/main/AndroidManifest.xml:15:13-47
36            android:windowSoftInputMode="adjustResize" >
36-->src/main/AndroidManifest.xml:18:13-55
37
38            <!--
39                 Specifies an Android theme to apply to this Activity as soon as
40                 the Android process has started. This theme is visible to the user
41                 while the Flutter UI initializes. After that, this theme continues
42                 to determine the Window background behind the Flutter UI.
43            -->
44            <meta-data
44-->src/main/AndroidManifest.xml:23:13-26:17
45                android:name="io.flutter.embedding.android.NormalTheme"
45-->src/main/AndroidManifest.xml:24:15-70
46                android:resource="@style/NormalTheme" />
46-->src/main/AndroidManifest.xml:25:15-52
47            <!--
48                 Displays an Android View that continues showing the launch screen
49                 Drawable until Flutter paints its first frame, then this splash
50                 screen fades out. A splash screen is useful to avoid any visual
51                 gap between the end of Android's launch screen and the painting of
52                 Flutter's first frame.
53            -->
54            <meta-data
54-->src/main/AndroidManifest.xml:32:13-35:17
55                android:name="io.flutter.embedding.android.SplashScreenDrawable"
55-->src/main/AndroidManifest.xml:33:15-79
56                android:resource="@drawable/launch_background" />
56-->src/main/AndroidManifest.xml:34:15-61
57
58            <intent-filter>
58-->src/main/AndroidManifest.xml:36:13-39:29
59                <action android:name="android.intent.action.MAIN" />
59-->src/main/AndroidManifest.xml:37:17-68
59-->src/main/AndroidManifest.xml:37:25-66
60
61                <category android:name="android.intent.category.LAUNCHER" />
61-->src/main/AndroidManifest.xml:38:17-76
61-->src/main/AndroidManifest.xml:38:27-74
62            </intent-filter>
63        </activity>
64        <!--
65             Don't delete the meta-data below.
66             This is used by the Flutter tool to generate GeneratedPluginRegistrant.java
67        -->
68        <meta-data
68-->src/main/AndroidManifest.xml:43:9-45:33
69            android:name="flutterEmbedding"
69-->src/main/AndroidManifest.xml:44:13-44
70            android:value="2" />
70-->src/main/AndroidManifest.xml:45:13-30
71
72        <provider
72-->[:image_picker] AndroidManifest.xml:11:9-19:20
73            android:name="io.flutter.plugins.imagepicker.ImagePickerFileProvider"
73-->[:image_picker] AndroidManifest.xml:12:13-82
74            android:authorities="com.kitopi.kitopi.kitopi.flutter.image_provider"
74-->[:image_picker] AndroidManifest.xml:13:13-74
75            android:exported="false"
75-->[:image_picker] AndroidManifest.xml:14:13-37
76            android:grantUriPermissions="true" >
76-->[:image_picker] AndroidManifest.xml:15:13-47
77            <meta-data
77-->[:image_picker] AndroidManifest.xml:16:13-18:75
78                android:name="android.support.FILE_PROVIDER_PATHS"
78-->[:image_picker] AndroidManifest.xml:17:17-67
79                android:resource="@xml/flutter_image_picker_file_paths" />
79-->[:image_picker] AndroidManifest.xml:18:17-72
80        </provider>
81
82        <activity
82-->[:url_launcher_android] AndroidManifest.xml:8:9-11:74
83            android:name="io.flutter.plugins.urllauncher.WebViewActivity"
83-->[:url_launcher_android] AndroidManifest.xml:9:13-74
84            android:exported="false"
84-->[:url_launcher_android] AndroidManifest.xml:10:13-37
85            android:theme="@android:style/Theme.NoTitleBar.Fullscreen" /> <!-- Needs to be explicitly declared on P+ -->
85-->[:url_launcher_android] AndroidManifest.xml:11:13-71
86        <uses-library
86-->[com.google.android.gms:play-services-maps:17.0.0] AndroidManifest.xml:33:9-35:40
87            android:name="org.apache.http.legacy"
87-->[com.google.android.gms:play-services-maps:17.0.0] AndroidManifest.xml:34:13-50
88            android:required="false" />
88-->[com.google.android.gms:play-services-maps:17.0.0] AndroidManifest.xml:35:13-37
89
90        <activity
90-->[com.google.android.gms:play-services-base:17.0.0] AndroidManifest.xml:23:9-26:75
91            android:name="com.google.android.gms.common.api.GoogleApiActivity"
91-->[com.google.android.gms:play-services-base:17.0.0] AndroidManifest.xml:24:13-79
92            android:exported="false"
92-->[com.google.android.gms:play-services-base:17.0.0] AndroidManifest.xml:25:13-37
93            android:theme="@android:style/Theme.Translucent.NoTitleBar" />
93-->[com.google.android.gms:play-services-base:17.0.0] AndroidManifest.xml:26:13-72
94
95        <meta-data
95-->[com.google.android.gms:play-services-basement:17.0.0] AndroidManifest.xml:23:9-25:69
96            android:name="com.google.android.gms.version"
96-->[com.google.android.gms:play-services-basement:17.0.0] AndroidManifest.xml:24:13-58
97            android:value="@integer/google_play_services_version" />
97-->[com.google.android.gms:play-services-basement:17.0.0] AndroidManifest.xml:25:13-66
98    </application>
99
100</manifest>